-------------------------------------------------------------------------------
Test set: TestSuite
-------------------------------------------------------------------------------
Tests run: 14, Failures: 14, Errors: 0, Skipped: 0, Time elapsed: 18.663 s <<< FAILURE! - in TestSuite
selectAll on selectAll(swtech.pageDesignControl.DepartmentTest)(swtech.pageDesignControl.DepartmentTest)  Time elapsed: 0.012 s  <<< FAILURE!
java.lang.IllegalStateException: Failed to load ApplicationContext
Caused by: org.springframework.beans.factory.BeanCreationException: Error creating bean with name 'serverEndpointExporter' defined in class path resource [swtech/pageDesignControl/common/websocket/WebSocketConfig.class]: Invocation of init method failed; nested exception is java.lang.IllegalStateException: javax.websocket.server.ServerContainer not available
Caused by: java.lang.IllegalStateException: javax.websocket.server.ServerContainer not available

selectById on selectById(swtech.pageDesignControl.DepartmentTest)(swtech.pageDesignControl.DepartmentTest)  Time elapsed: 0 s  <<< FAILURE!
java.lang.IllegalStateException: Failed to load ApplicationContext
Caused by: org.springframework.beans.factory.BeanCreationException: Error creating bean with name 'serverEndpointExporter' defined in class path resource [swtech/pageDesignControl/common/websocket/WebSocketConfig.class]: Invocation of init method failed; nested exception is java.lang.IllegalStateException: javax.websocket.server.ServerContainer not available
Caused by: java.lang.IllegalStateException: javax.websocket.server.ServerContainer not available

insert on insert(swtech.pageDesignControl.DepartmentTest)(swtech.pageDesignControl.DepartmentTest)  Time elapsed: 0.001 s  <<< FAILURE!
java.lang.IllegalStateException: Failed to load ApplicationContext
Caused by: org.springframework.beans.factory.BeanCreationException: Error creating bean with name 'serverEndpointExporter' defined in class path resource [swtech/pageDesignControl/common/websocket/WebSocketConfig.class]: Invocation of init method failed; nested exception is java.lang.IllegalStateException: javax.websocket.server.ServerContainer not available
Caused by: java.lang.IllegalStateException: javax.websocket.server.ServerContainer not available

selectByPageAndCondition on selectByPageAndCondition(swtech.pageDesignControl.DepartmentTest)(swtech.pageDesignControl.DepartmentTest)  Time elapsed: 0 s  <<< FAILURE!
java.lang.IllegalStateException: Failed to load ApplicationContext
Caused by: org.springframework.beans.factory.BeanCreationException: Error creating bean with name 'serverEndpointExporter' defined in class path resource [swtech/pageDesignControl/common/websocket/WebSocketConfig.class]: Invocation of init method failed; nested exception is java.lang.IllegalStateException: javax.websocket.server.ServerContainer not available
Caused by: java.lang.IllegalStateException: javax.websocket.server.ServerContainer not available

updateById on updateById(swtech.pageDesignControl.DepartmentTest)(swtech.pageDesignControl.DepartmentTest)  Time elapsed: 0 s  <<< FAILURE!
java.lang.IllegalStateException: Failed to load ApplicationContext
Caused by: org.springframework.beans.factory.BeanCreationException: Error creating bean with name 'serverEndpointExporter' defined in class path resource [swtech/pageDesignControl/common/websocket/WebSocketConfig.class]: Invocation of init method failed; nested exception is java.lang.IllegalStateException: javax.websocket.server.ServerContainer not available
Caused by: java.lang.IllegalStateException: javax.websocket.server.ServerContainer not available

selectCount on selectCount(swtech.pageDesignControl.DepartmentTest)(swtech.pageDesignControl.DepartmentTest)  Time elapsed: 0 s  <<< FAILURE!
java.lang.IllegalStateException: Failed to load ApplicationContext
Caused by: org.springframework.beans.factory.BeanCreationException: Error creating bean with name 'serverEndpointExporter' defined in class path resource [swtech/pageDesignControl/common/websocket/WebSocketConfig.class]: Invocation of init method failed; nested exception is java.lang.IllegalStateException: javax.websocket.server.ServerContainer not available
Caused by: java.lang.IllegalStateException: javax.websocket.server.ServerContainer not available

deleteById on deleteById(swtech.pageDesignControl.DepartmentTest)(swtech.pageDesignControl.DepartmentTest)  Time elapsed: 0 s  <<< FAILURE!
java.lang.IllegalStateException: Failed to load ApplicationContext
Caused by: org.springframework.beans.factory.BeanCreationException: Error creating bean with name 'serverEndpointExporter' defined in class path resource [swtech/pageDesignControl/common/websocket/WebSocketConfig.class]: Invocation of init method failed; nested exception is java.lang.IllegalStateException: javax.websocket.server.ServerContainer not available
Caused by: java.lang.IllegalStateException: javax.websocket.server.ServerContainer not available

selectAll on selectAll(swtech.pageDesignControl.RoleTest)(swtech.pageDesignControl.RoleTest)  Time elapsed: 0 s  <<< FAILURE!
java.lang.IllegalStateException: Failed to load ApplicationContext
Caused by: org.springframework.beans.factory.BeanCreationException: Error creating bean with name 'serverEndpointExporter' defined in class path resource [swtech/pageDesignControl/common/websocket/WebSocketConfig.class]: Invocation of init method failed; nested exception is java.lang.IllegalStateException: javax.websocket.server.ServerContainer not available
Caused by: java.lang.IllegalStateException: javax.websocket.server.ServerContainer not available

selectById on selectById(swtech.pageDesignControl.RoleTest)(swtech.pageDesignControl.RoleTest)  Time elapsed: 0 s  <<< FAILURE!
java.lang.IllegalStateException: Failed to load ApplicationContext
Caused by: org.springframework.beans.factory.BeanCreationException: Error creating bean with name 'serverEndpointExporter' defined in class path resource [swtech/pageDesignControl/common/websocket/WebSocketConfig.class]: Invocation of init method failed; nested exception is java.lang.IllegalStateException: javax.websocket.server.ServerContainer not available
Caused by: java.lang.IllegalStateException: javax.websocket.server.ServerContainer not available

insert on insert(swtech.pageDesignControl.RoleTest)(swtech.pageDesignControl.RoleTest)  Time elapsed: 0 s  <<< FAILURE!
java.lang.IllegalStateException: Failed to load ApplicationContext
Caused by: org.springframework.beans.factory.BeanCreationException: Error creating bean with name 'serverEndpointExporter' defined in class path resource [swtech/pageDesignControl/common/websocket/WebSocketConfig.class]: Invocation of init method failed; nested exception is java.lang.IllegalStateException: javax.websocket.server.ServerContainer not available
Caused by: java.lang.IllegalStateException: javax.websocket.server.ServerContainer not available

selectByPageAndCondition on selectByPageAndCondition(swtech.pageDesignControl.RoleTest)(swtech.pageDesignControl.RoleTest)  Time elapsed: 0 s  <<< FAILURE!
java.lang.IllegalStateException: Failed to load ApplicationContext
Caused by: org.springframework.beans.factory.BeanCreationException: Error creating bean with name 'serverEndpointExporter' defined in class path resource [swtech/pageDesignControl/common/websocket/WebSocketConfig.class]: Invocation of init method failed; nested exception is java.lang.IllegalStateException: javax.websocket.server.ServerContainer not available
Caused by: java.lang.IllegalStateException: javax.websocket.server.ServerContainer not available

updateById on updateById(swtech.pageDesignControl.RoleTest)(swtech.pageDesignControl.RoleTest)  Time elapsed: 0 s  <<< FAILURE!
java.lang.IllegalStateException: Failed to load ApplicationContext
Caused by: org.springframework.beans.factory.BeanCreationException: Error creating bean with name 'serverEndpointExporter' defined in class path resource [swtech/pageDesignControl/common/websocket/WebSocketConfig.class]: Invocation of init method failed; nested exception is java.lang.IllegalStateException: javax.websocket.server.ServerContainer not available
Caused by: java.lang.IllegalStateException: javax.websocket.server.ServerContainer not available

selectCount on selectCount(swtech.pageDesignControl.RoleTest)(swtech.pageDesignControl.RoleTest)  Time elapsed: 0 s  <<< FAILURE!
java.lang.IllegalStateException: Failed to load ApplicationContext
Caused by: org.springframework.beans.factory.BeanCreationException: Error creating bean with name 'serverEndpointExporter' defined in class path resource [swtech/pageDesignControl/common/websocket/WebSocketConfig.class]: Invocation of init method failed; nested exception is java.lang.IllegalStateException: javax.websocket.server.ServerContainer not available
Caused by: java.lang.IllegalStateException: javax.websocket.server.ServerContainer not available

deleteById on deleteById(swtech.pageDesignControl.RoleTest)(swtech.pageDesignControl.RoleTest)  Time elapsed: 0 s  <<< FAILURE!
java.lang.IllegalStateException: Failed to load ApplicationContext
Caused by: org.springframework.beans.factory.BeanCreationException: Error creating bean with name 'serverEndpointExporter' defined in class path resource [swtech/pageDesignControl/common/websocket/WebSocketConfig.class]: Invocation of init method failed; nested exception is java.lang.IllegalStateException: javax.websocket.server.ServerContainer not available
Caused by: java.lang.IllegalStateException: javax.websocket.server.ServerContainer not available

